<?xml version="1.0" encoding="UTF-8"?>
<!-- Generated by org.testng.reporters.JUnitReportReporter -->
<testsuite hostname="LAPTOP-F48FP62B" failures="0" tests="2" name="tests.LoginTest" time="12.662" errors="0" timestamp="2023-01-09T12:09:23 EST" skipped="0">
  <testcase classname="tests.LoginTest" name="verifyLoginPageTitleTest" time="6.733"/>
  <system-out/>
  <testcase classname="tests.LoginTest" name="loginTest" time="5.929"/>
  <system-out/>
</testsuite> <!-- tests.LoginTest -->
