<?xml version="1.0" encoding="UTF-8"?>
<!-- Generated by org.testng.reporters.JUnitReportReporter -->
<testsuite hostname="LAPTOP-F48FP62B" failures="0" tests="2" name="tests.LoginTest" time="8.029" errors="0" timestamp="2023-01-09T14:03:04 EST" skipped="0">
  <testcase classname="tests.LoginTest" name="verifyLoginPageTitleTest" time="4.274"/>
  <system-out/>
  <testcase classname="tests.LoginTest" name="loginTest" time="3.755"/>
  <system-out/>
</testsuite> <!-- tests.LoginTest -->
