<?xml version="1.0" encoding="UTF-8"?>
<!-- Generated by org.testng.reporters.JUnitReportReporter -->
<testsuite hostname="LAPTOP-F48FP62B" failures="0" tests="5" name="tests.HomePageTest" time="35.688" errors="0" timestamp="2023-01-09T12:09:23 EST" skipped="0">
  <testcase classname="tests.HomePageTest" name="verifyHomePageTitleTest" time="6.474"/>
  <system-out/>
  <testcase classname="tests.HomePageTest" name="verifyUserLabelTest" time="7.145"/>
  <system-out/>
  <testcase classname="tests.HomePageTest" name="clickOnContactsLinkTest" time="7.345"/>
  <system-out/>
  <testcase classname="tests.HomePageTest" name="clickOnDealLinkTest" time="7.257"/>
  <system-out/>
  <testcase classname="tests.HomePageTest" name="clickOnTasksLinkTest" time="7.467"/>
  <system-out/>
</testsuite> <!-- tests.HomePageTest -->
