<?xml version="1.0" encoding="UTF-8"?>
<!-- Generated by org.testng.reporters.JUnitReportReporter -->
<testsuite hostname="LAPTOP-F48FP62B" failures="0" tests="3" name="tests.ContactsPageTest" time="27.789" errors="0" timestamp="2023-01-09T12:09:23 EST" skipped="0">
  <testcase classname="tests.ContactsPageTest" name="validateCreateNewCotact" time="9.359"/>
  <system-out/>
  <testcase classname="tests.ContactsPageTest" name="validateCreateNewCotact" time="9.488"/>
  <system-out/>
  <testcase classname="tests.ContactsPageTest" name="validateCreateNewCotact" time="8.942"/>
  <system-out/>
</testsuite> <!-- tests.ContactsPageTest -->
