<?xml version="1.0" encoding="UTF-8"?>
<!-- Generated by org.testng.reporters.JUnitReportReporter -->
<testsuite hostname="LAPTOP-F48FP62B" failures="0" tests="3" name="tests.ContactsPageTest" time="21.342" errors="0" timestamp="2023-01-09T14:03:04 EST" skipped="0">
  <testcase classname="tests.ContactsPageTest" name="validateCreateNewCotact" time="7.283"/>
  <system-out/>
  <testcase classname="tests.ContactsPageTest" name="validateCreateNewCotact" time="7.171"/>
  <system-out/>
  <testcase classname="tests.ContactsPageTest" name="validateCreateNewCotact" time="6.888"/>
  <system-out/>
</testsuite> <!-- tests.ContactsPageTest -->
