<?xml version="1.0" encoding="UTF-8"?>
<!-- Generated by org.testng.reporters.JUnitReportReporter -->
<testsuite hostname="LAPTOP-F48FP62B" failures="0" tests="5" name="tests.HomePageTest" time="22.413" errors="0" timestamp="2023-01-09T14:03:04 EST" skipped="0">
  <testcase classname="tests.HomePageTest" name="verifyHomePageTitleTest" time="3.881"/>
  <system-out/>
  <testcase classname="tests.HomePageTest" name="verifyUserLabelTest" time="4.654"/>
  <system-out/>
  <testcase classname="tests.HomePageTest" name="clickOnContactsLinkTest" time="4.738"/>
  <system-out/>
  <testcase classname="tests.HomePageTest" name="clickOnDealLinkTest" time="4.676"/>
  <system-out/>
  <testcase classname="tests.HomePageTest" name="clickOnTasksLinkTest" time="4.464"/>
  <system-out/>
</testsuite> <!-- tests.HomePageTest -->
