<?xml version="1.0" encoding="UTF-8"?>
<!-- Generated by org.testng.reporters.JUnitReportReporter -->
<testsuite hostname="LAPTOP-F48FP62B" failures="0" tests="1" name="tests.TasksPageTest" time="8.056" errors="0" timestamp="09 Jan. 2023 17:18:37 GMT" skipped="0">
  <testcase classname="tests.TasksPageTest" name="verifyTasksLabelTest" time="8.056"/>
</testsuite> <!-- tests.TasksPageTest -->
