<?xml version="1.0" encoding="UTF-8"?>
<!-- Generated by org.testng.reporters.JUnitReportReporter -->
<testsuite hostname="LAPTOP-F48FP62B" failures="0" tests="1" name="tests.DealsPageTest" time="0.000" errors="0" timestamp="09 Jan. 2023 17:18:37 GMT" skipped="1">
  <testcase classname="tests.DealsPageTest" name="validateCreateNewDealTest" time="0.000">
    <skipped/>
  </testcase> <!-- validateCreateNewDealTest -->
</testsuite> <!-- tests.DealsPageTest -->
