<?xml version="1.0" encoding="UTF-8"?>
<!-- Generated by org.testng.reporters.JUnitReportReporter -->
<testsuite hostname="LAPTOP-F48FP62B" failures="0" tests="5" name="tests.HomePageTest" time="39.518" errors="0" timestamp="09 Jan. 2023 17:18:37 GMT" skipped="0">
  <testcase classname="tests.HomePageTest" name="verifyHomePageTitleTest" time="7.644"/>
  <testcase classname="tests.HomePageTest" name="verifyUserLabelTest" time="6.983"/>
  <testcase classname="tests.HomePageTest" name="clickOnContactsLinkTest" time="7.946"/>
  <testcase classname="tests.HomePageTest" name="clickOnDealLinkTest" time="7.962"/>
  <testcase classname="tests.HomePageTest" name="clickOnTasksLinkTest" time="8.983"/>
</testsuite> <!-- tests.HomePageTest -->
