<?xml version="1.0" encoding="UTF-8"?>
<!-- Generated by org.testng.reporters.JUnitReportReporter -->
<testsuite hostname="LAPTOP-F48FP62B" failures="0" tests="2" name="tests.LoginTest" time="12.544" errors="0" timestamp="09 Jan. 2023 17:18:37 GMT" skipped="0">
  <testcase classname="tests.LoginTest" name="verifyLoginPageTitleTest" time="6.100"/>
  <testcase classname="tests.LoginTest" name="loginTest" time="6.444"/>
</testsuite> <!-- tests.LoginTest -->
