<?xml version="1.0" encoding="UTF-8"?>
<!-- Generated by org.testng.reporters.JUnitReportReporter -->
<testsuite hostname="LAPTOP-F48FP62B" failures="0" tests="3" name="tests.ContactsPageTest" time="28.780" errors="0" timestamp="09 Jan. 2023 17:18:37 GMT" skipped="0">
  <testcase classname="tests.ContactsPageTest" name="validateCreateNewCotact" time="9.940"/>
  <testcase classname="tests.ContactsPageTest" name="validateCreateNewCotact" time="9.724"/>
  <testcase classname="tests.ContactsPageTest" name="validateCreateNewCotact" time="9.116"/>
</testsuite> <!-- tests.ContactsPageTest -->
